插件作者：EarthDLL
管理员：qcbby
插件名：无名氏牌服务器插件

未经允许，不得更改！

0.0.03更新：
1.漏斗不能放置在密码箱下面，且不能将漏斗推至密码箱下方
2.使用hex_md5对密码箱进行加密
3.违禁物品现在已数组变量形式保存(kick_item)
4.当违禁物品以掉落物形式出现时自动销毁
5.已删除
6.修改公告功能重构
7.加强范围挖掘，自动恢复地形
8.管理界面的封禁功能改成kick踢人
9.密码纸现可以回收

Bug修复：
1.修复entities统计出现重大错误的问题

0.1.0B1更新：
1.兼容最新1.19.60正式版
2.贡献值修改使用橙色以增加分辨度
3.修改tpa功能，更加人性化
4.随机传送后给予缓降
5.检测到违禁物品自动清除(之前是替换为苹果)
6.现在kick功能仅提示一次(防止刷屏)
7.修改log颜色(深红→浅红)便于阅读
8.公告功能再次重构
9.玩家8格范围内的物品不会被清除
10.清理非末地的末影龙
11.公告可以保存
12.使用新方法储存服务器信息
13.将部分"返回上一级"按钮调至最上面
14.管理界面新增"运行命令"功能
15.新增Fill blocks(小木斧)功能
16.新增封禁列表管理功能，封禁列表将永久保存
17.部分传送点支持跨纬度传送
18.添加插件设置功能，可自由开关踢人模式
19.将"光源方块"和"隐形基岩"加入黑名单


Bug修复：
1.修复tpa贡献值错误
2.修复在密码箱下面放置漏斗时有几率检测失败的bug
3.修复部分ui标题错误
4.修复无法获取信息时刷屏问题(新版本自动初始化)
5.修复nbt箱子检测错误的bug

0.1.2B1更新：
BUG修复：
1.修复tpaccept的错误
2.修复了密码箱下方能放置漏斗的bug
3.清洁工使用新提醒方式
4.非箱主不能在密码箱旁边放置箱子